2019-09-28 14:35:04,011 [INFO] Activator:176 - 


2019-09-28 14:35:04,026 [INFO] Activator:177 - !SESSION log4j initialized
2019-09-28 14:35:53,903 [INFO] ApplicationProperties:181 - Using Application install path: C:\ST\STM32CubeIDE_1.0.2\STM32CubeIDE\plugins\com.st.stm32cube.common.mx_5.3.0.201907110903
2019-09-28 14:35:53,926 [INFO] DbMcusXml:68 - Set database path to: C:\ST\STM32CubeIDE_1.0.2\STM32CubeIDE\plugins\com.st.stm32cube.common.mx_5.3.0.201907110903\\db\/mcu/
2019-09-28 14:35:53,938 [INFO] DbBoardsPdsc:54 - Set plugin database path to: C:\ST\STM32CubeIDE_1.0.2\STM32CubeIDE\plugins\com.st.stm32cube.common.mx_5.3.0.201907110903\\db\/plugins/boardmanager/
2019-09-28 14:35:53,938 [INFO] DbMcus:264 - Set plugin images path to: C:\ST\STM32CubeIDE_1.0.2\STM32CubeIDE\plugins\com.st.stm32cube.common.mx_5.3.0.201907110903\\db\/plugins/mcufinder/images/
2019-09-28 14:35:53,938 [INFO] DbBoards:232 - Set plugin images path to: C:\ST\STM32CubeIDE_1.0.2\STM32CubeIDE\plugins\com.st.stm32cube.common.mx_5.3.0.201907110903\\db\/plugins/mcufinder/images/
2019-09-28 14:35:53,946 [INFO] APIGFXSelector:72 - Set database path to: C:\ST\STM32CubeIDE_1.0.2\STM32CubeIDE\plugins\com.st.stm32cube.common.mx_5.3.0.201907110903\\db\/plugins/mcufinder/mcu/
2019-09-28 14:35:53,991 [ERROR] ApiFinderProperties:197 - Copy problem with src file : C:\ST\STM32CubeIDE_1.0.2\STM32CubeIDE\plugins\com.st.stm32cube.common.mx_5.3.0.201907110903\db\plugins\mcufinder\mcu\csand target file : C:\Users\adfil\.stmcufinder\plugins\mcufinder\mcu\cs
2019-09-28 14:35:54,160 [WARN] ApiFinderProperties:106 - C:\Users\adfil\.stmcufinder\plugins\mcufinder\mcu\mcuFinder.mfd doesn't exist
2019-09-28 14:35:54,165 [INFO] DbMcusAds:72 - Set database path to: C:\Users\adfil\.stmcufinder\plugins\mcufinder//mcu/
2019-09-28 14:35:54,167 [INFO] DbMcusDocs:92 - Set database path to: C:\Users\adfil\.stmcufinder\plugins\mcufinder//mcu/
2019-09-28 14:35:54,169 [INFO] DbMcusJson:59 - Set database path to: C:\Users\adfil\.stmcufinder\plugins\mcufinder//mcu/
2019-09-28 14:35:54,173 [INFO] DbBoardsDocs:84 - Set database path to: C:\Users\adfil\.stmcufinder\plugins\mcufinder//mcu/
2019-09-28 14:35:54,175 [INFO] DbBoardsJson:51 - Set database path to: C:\Users\adfil\.stmcufinder\plugins\mcufinder//mcu/
2019-09-28 14:35:54,362 [INFO] CrossReferenceDbSqlite:197 - Set database path to: C:\Users\adfil\.stmcufinder\plugins\mcufinder//mcu/cs/
2019-09-28 14:35:54,529 [INFO] RulesReader:52 - Compatibility file has been processed (156 Rules)
2019-09-28 14:35:54,706 [INFO] MicroXplorer:521 - Detected Java Version = 1.8.0_202
2019-09-28 14:35:54,707 [INFO] DbMcusXml:68 - Set database path to: C:\ST\STM32CubeIDE_1.0.2\STM32CubeIDE\plugins\com.st.stm32cube.common.mx_5.3.0.201907110903\\db\/mcu/
2019-09-28 14:35:54,708 [INFO] DbBoardsPdsc:54 - Set plugin database path to: C:\ST\STM32CubeIDE_1.0.2\STM32CubeIDE\plugins\com.st.stm32cube.common.mx_5.3.0.201907110903\\db\/plugins/boardmanager/
2019-09-28 14:35:54,708 [INFO] DbMcus:264 - Set plugin images path to: C:\ST\STM32CubeIDE_1.0.2\STM32CubeIDE\plugins\com.st.stm32cube.common.mx_5.3.0.201907110903\\db\/plugins/mcufinder/images/
2019-09-28 14:35:54,708 [INFO] DbBoards:232 - Set plugin images path to: C:\ST\STM32CubeIDE_1.0.2\STM32CubeIDE\plugins\com.st.stm32cube.common.mx_5.3.0.201907110903\\db\/plugins/mcufinder/images/
2019-09-28 14:35:54,708 [INFO] APIGFXSelector:72 - Set database path to: C:\ST\STM32CubeIDE_1.0.2\STM32CubeIDE\plugins\com.st.stm32cube.common.mx_5.3.0.201907110903\\db\/plugins/mcufinder/mcu/
2019-09-28 14:35:54,709 [WARN] DbFile:31 - Overriding database path with different value: C:\Users\adfil\.stmcufinder\plugins\mcufinder/ => C:\Users\adfil\.stmcufinder\plugins\mcufinder
2019-09-28 14:35:54,709 [INFO] DbMcusAds:72 - Set database path to: C:\Users\adfil\.stmcufinder\plugins\mcufinder//mcu/
2019-09-28 14:35:54,709 [WARN] DbFile:31 - Overriding database path with different value: C:\Users\adfil\.stmcufinder\plugins\mcufinder/ => C:\Users\adfil\.stmcufinder\plugins\mcufinder
2019-09-28 14:35:54,709 [INFO] DbMcusDocs:92 - Set database path to: C:\Users\adfil\.stmcufinder\plugins\mcufinder//mcu/
2019-09-28 14:35:54,710 [WARN] DbFile:31 - Overriding database path with different value: C:\Users\adfil\.stmcufinder\plugins\mcufinder/ => C:\Users\adfil\.stmcufinder\plugins\mcufinder
2019-09-28 14:35:54,710 [INFO] DbMcusJson:59 - Set database path to: C:\Users\adfil\.stmcufinder\plugins\mcufinder//mcu/
2019-09-28 14:35:54,710 [WARN] DbFile:31 - Overriding database path with different value: C:\Users\adfil\.stmcufinder\plugins\mcufinder/ => C:\Users\adfil\.stmcufinder\plugins\mcufinder
2019-09-28 14:35:54,711 [INFO] DbBoardsDocs:84 - Set database path to: C:\Users\adfil\.stmcufinder\plugins\mcufinder//mcu/
2019-09-28 14:35:54,711 [WARN] DbFile:31 - Overriding database path with different value: C:\Users\adfil\.stmcufinder\plugins\mcufinder/ => C:\Users\adfil\.stmcufinder\plugins\mcufinder
2019-09-28 14:35:54,711 [INFO] DbBoardsJson:51 - Set database path to: C:\Users\adfil\.stmcufinder\plugins\mcufinder//mcu/
2019-09-28 14:35:54,711 [WARN] DbFile:31 - Overriding database path with different value: C:\Users\adfil\.stmcufinder\plugins\mcufinder/ => C:\Users\adfil\.stmcufinder\plugins\mcufinder
2019-09-28 14:35:54,712 [WARN] DbFile:31 - Overriding database path with different value: C:\Users\adfil\.stmcufinder\plugins\mcufinder/ => C:\Users\adfil\.stmcufinder\plugins\mcufinder
2019-09-28 14:35:54,712 [INFO] CrossReferenceDbSqlite:197 - Set database path to: C:\Users\adfil\.stmcufinder\plugins\mcufinder//mcu/cs/
2019-09-28 14:35:54,856 [INFO] MainPanel:211 - HeapMemory: 295698432
2019-09-28 14:35:55,032 [INFO] DbMcusXml:68 - Set database path to: C:\ST\STM32CubeIDE_1.0.2\STM32CubeIDE\plugins\com.st.stm32cube.common.mx_5.3.0.201907110903\\db\/mcu/
2019-09-28 14:35:55,033 [INFO] DbBoardsPdsc:54 - Set plugin database path to: C:\ST\STM32CubeIDE_1.0.2\STM32CubeIDE\plugins\com.st.stm32cube.common.mx_5.3.0.201907110903\\db\/plugins/boardmanager/
2019-09-28 14:35:55,033 [INFO] DbMcus:264 - Set plugin images path to: C:\ST\STM32CubeIDE_1.0.2\STM32CubeIDE\plugins\com.st.stm32cube.common.mx_5.3.0.201907110903\\db\/plugins/mcufinder/images/
2019-09-28 14:35:55,033 [INFO] DbBoards:232 - Set plugin images path to: C:\ST\STM32CubeIDE_1.0.2\STM32CubeIDE\plugins\com.st.stm32cube.common.mx_5.3.0.201907110903\\db\/plugins/mcufinder/images/
2019-09-28 14:35:55,034 [INFO] APIGFXSelector:72 - Set database path to: C:\ST\STM32CubeIDE_1.0.2\STM32CubeIDE\plugins\com.st.stm32cube.common.mx_5.3.0.201907110903\\db\/plugins/mcufinder/mcu/
2019-09-28 14:35:55,037 [WARN] DbFile:31 - Overriding database path with different value: C:\Users\adfil\.stmcufinder\plugins\mcufinder/ => C:\Users\adfil\.stmcufinder\plugins\mcufinder
2019-09-28 14:35:55,038 [INFO] DbMcusAds:72 - Set database path to: C:\Users\adfil\.stmcufinder\plugins\mcufinder//mcu/
2019-09-28 14:35:55,038 [WARN] DbFile:31 - Overriding database path with different value: C:\Users\adfil\.stmcufinder\plugins\mcufinder/ => C:\Users\adfil\.stmcufinder\plugins\mcufinder
2019-09-28 14:35:55,038 [INFO] DbMcusDocs:92 - Set database path to: C:\Users\adfil\.stmcufinder\plugins\mcufinder//mcu/
2019-09-28 14:35:55,040 [WARN] DbFile:31 - Overriding database path with different value: C:\Users\adfil\.stmcufinder\plugins\mcufinder/ => C:\Users\adfil\.stmcufinder\plugins\mcufinder
2019-09-28 14:35:55,040 [INFO] DbMcusJson:59 - Set database path to: C:\Users\adfil\.stmcufinder\plugins\mcufinder//mcu/
2019-09-28 14:35:55,041 [WARN] DbFile:31 - Overriding database path with different value: C:\Users\adfil\.stmcufinder\plugins\mcufinder/ => C:\Users\adfil\.stmcufinder\plugins\mcufinder
2019-09-28 14:35:55,041 [INFO] DbBoardsDocs:84 - Set database path to: C:\Users\adfil\.stmcufinder\plugins\mcufinder//mcu/
2019-09-28 14:35:55,041 [WARN] DbFile:31 - Overriding database path with different value: C:\Users\adfil\.stmcufinder\plugins\mcufinder/ => C:\Users\adfil\.stmcufinder\plugins\mcufinder
2019-09-28 14:35:55,042 [INFO] DbBoardsJson:51 - Set database path to: C:\Users\adfil\.stmcufinder\plugins\mcufinder//mcu/
2019-09-28 14:35:55,042 [WARN] DbFile:31 - Overriding database path with different value: C:\Users\adfil\.stmcufinder\plugins\mcufinder/ => C:\Users\adfil\.stmcufinder\plugins\mcufinder
2019-09-28 14:35:55,042 [WARN] DbFile:31 - Overriding database path with different value: C:\Users\adfil\.stmcufinder\plugins\mcufinder/ => C:\Users\adfil\.stmcufinder\plugins\mcufinder
2019-09-28 14:35:55,042 [INFO] CrossReferenceDbSqlite:197 - Set database path to: C:\Users\adfil\.stmcufinder\plugins\mcufinder//mcu/cs/
2019-09-28 14:35:55,090 [INFO] ApplicationProperties:181 - Using Application install path: C:\ST\STM32CubeIDE_1.0.2\STM32CubeIDE\plugins\com.st.stm32cube.common.mx_5.3.0.201907110903
2019-09-28 14:35:55,093 [INFO] PluginManage:178 - Search for loadable plugins [exclusion list=]
2019-09-28 14:35:55,097 [INFO] PluginManage:292 - Check plugin analytics
2019-09-28 14:35:55,109 [INFO] PluginManage:342 - Loaded plugin analytics (category:tool,tabindex:-1)
2019-09-28 14:35:55,109 [INFO] PluginManage:292 - Check plugin clock
2019-09-28 14:35:55,127 [INFO] PluginManage:342 - Loaded plugin clock (category:base,tabindex:2)
2019-09-28 14:35:55,128 [INFO] PluginManage:292 - Check plugin ddr
2019-09-28 14:35:55,134 [INFO] PluginManage:342 - Loaded plugin ddr (category:tool,tabindex:6)
2019-09-28 14:35:55,135 [INFO] PluginManage:292 - Check plugin filemanager
2019-09-28 14:35:55,355 [INFO] PluginManage:342 - Loaded plugin filemanager (category:base,tabindex:10)
2019-09-28 14:35:55,355 [INFO] PluginManage:292 - Check plugin ipmanager
2019-09-28 14:35:55,375 [INFO] PluginManage:342 - Loaded plugin ipmanager (category:base,tabindex:5)
2019-09-28 14:35:55,375 [INFO] PluginManage:292 - Check plugin pinoutandconfiguration
2019-09-28 14:35:55,392 [INFO] PluginManage:342 - Loaded plugin pinoutandconfiguration (category:base,tabindex:1)
2019-09-28 14:35:55,392 [INFO] PluginManage:292 - Check plugin pinoutconfig
2019-09-28 14:35:55,433 [INFO] PluginManage:342 - Loaded plugin pinoutconfig (category:base,tabindex:0)
2019-09-28 14:35:55,433 [INFO] PluginManage:292 - Check plugin power
2019-09-28 14:35:55,437 [INFO] PluginManage:342 - Loaded plugin power (category:power,tabindex:4)
2019-09-28 14:35:55,437 [INFO] PluginManage:292 - Check plugin projectmanager
2019-09-28 14:35:55,480 [INFO] PluginManage:342 - Loaded plugin projectmanager (category:projectmanager,tabindex:3)
2019-09-28 14:35:55,480 [INFO] PluginManage:292 - Check plugin thirdparty
2019-09-28 14:35:55,514 [INFO] ThirdPartyDb:294 - Open Third Party DataBase File (C:/Users/adfil/.stm32cubemx/plugins/thirdparty/db/thirdparties_db.xml) : 0 ms. number of Sw pack : 0
2019-09-28 14:35:55,540 [INFO] PluginManage:342 - Loaded plugin thirdparty (category:base,tabindex:-1)
2019-09-28 14:35:55,540 [INFO] PluginManage:292 - Check plugin tools
2019-09-28 14:35:55,541 [INFO] PluginManage:342 - Loaded plugin tools (category:base,tabindex:7)
2019-09-28 14:35:55,541 [INFO] PluginManage:292 - Check plugin updater
2019-09-28 14:35:55,560 [INFO] PluginManage:342 - Loaded plugin updater (category:base,tabindex:12)
2019-09-28 14:35:55,561 [INFO] PluginManage:265 - PluginManage : Loaded plugins [12]
2019-09-28 14:35:55,904 [INFO] PinOutPanel:1367 - setPackage(No Configuration,No Configuration)
2019-09-28 14:35:56,065 [INFO] IPUIPlugin:63 - create IPUIPlugin
2019-09-28 14:35:56,065 [INFO] PluginManager:200 - loadIPPluginJar : add adc
2019-09-28 14:35:56,073 [INFO] IPUIPlugin:63 - create IPUIPlugin
2019-09-28 14:35:56,073 [INFO] PluginManager:200 - loadIPPluginJar : add aes
2019-09-28 14:35:56,073 [INFO] IPUIPlugin:63 - create IPUIPlugin
2019-09-28 14:35:56,079 [INFO] PluginManager:200 - loadIPPluginJar : add can
2019-09-28 14:35:56,081 [INFO] IPUIPlugin:63 - create IPUIPlugin
2019-09-28 14:35:56,081 [INFO] PluginManager:200 - loadIPPluginJar : add comp
2019-09-28 14:35:56,081 [INFO] IPUIPlugin:63 - create IPUIPlugin
2019-09-28 14:35:56,086 [INFO] PluginManager:200 - loadIPPluginJar : add cryp
2019-09-28 14:35:56,087 [INFO] IPUIPlugin:63 - create IPUIPlugin
2019-09-28 14:35:56,090 [INFO] PluginManager:200 - loadIPPluginJar : add dfsdm
2019-09-28 14:35:56,091 [INFO] IPUIPlugin:63 - create IPUIPlugin
2019-09-28 14:35:56,091 [INFO] PluginManager:200 - loadIPPluginJar : add dma
2019-09-28 14:35:56,099 [INFO] IPUIPlugin:63 - create IPUIPlugin
2019-09-28 14:35:56,099 [INFO] PluginManager:200 - loadIPPluginJar : add fatfs
2019-09-28 14:35:56,099 [INFO] IPUIPlugin:63 - create IPUIPlugin
2019-09-28 14:35:56,099 [INFO] PluginManager:200 - loadIPPluginJar : add fmc
2019-09-28 14:35:56,110 [INFO] IPUIPlugin:63 - create IPUIPlugin
2019-09-28 14:35:56,110 [INFO] PluginManager:200 - loadIPPluginJar : add freertos
2019-09-28 14:35:56,110 [INFO] IPUIPlugin:63 - create IPUIPlugin
2019-09-28 14:35:56,110 [INFO] PluginManager:200 - loadIPPluginJar : add genericplugin
2019-09-28 14:35:56,110 [INFO] IPUIPlugin:63 - create IPUIPlugin
2019-09-28 14:35:56,110 [INFO] PluginManager:200 - loadIPPluginJar : add gfxmmu
2019-09-28 14:35:56,124 [INFO] IPUIPlugin:63 - create IPUIPlugin
2019-09-28 14:35:56,127 [INFO] PluginManager:200 - loadIPPluginJar : add gfxsimulator
2019-09-28 14:35:56,128 [INFO] IPUIPlugin:63 - create IPUIPlugin
2019-09-28 14:35:56,128 [INFO] PluginManager:200 - loadIPPluginJar : add gic
2019-09-28 14:35:56,128 [INFO] IPUIPlugin:63 - create IPUIPlugin
2019-09-28 14:35:56,128 [INFO] PluginManager:200 - loadIPPluginJar : add gpio
2019-09-28 14:35:56,145 [INFO] IPUIPlugin:63 - create IPUIPlugin
2019-09-28 14:35:56,145 [INFO] PluginManager:200 - loadIPPluginJar : add hash
2019-09-28 14:35:56,146 [INFO] IPUIPlugin:63 - create IPUIPlugin
2019-09-28 14:35:56,146 [INFO] PluginManager:200 - loadIPPluginJar : add i2c
2019-09-28 14:35:56,152 [INFO] IPUIPlugin:63 - create IPUIPlugin
2019-09-28 14:35:56,152 [INFO] PluginManager:200 - loadIPPluginJar : add i2s
2019-09-28 14:35:56,152 [INFO] IPUIPlugin:63 - create IPUIPlugin
2019-09-28 14:35:56,152 [INFO] PluginManager:200 - loadIPPluginJar : add ipddr
2019-09-28 14:35:56,152 [INFO] IPUIPlugin:63 - create IPUIPlugin
2019-09-28 14:35:56,152 [INFO] PluginManager:200 - loadIPPluginJar : add ltdc
2019-09-28 14:35:56,162 [INFO] IPUIPlugin:63 - create IPUIPlugin
2019-09-28 14:35:56,166 [INFO] PluginManager:200 - loadIPPluginJar : add mdma
2019-09-28 14:35:56,169 [INFO] IPUIPlugin:63 - create IPUIPlugin
2019-09-28 14:35:56,169 [INFO] PluginManager:200 - loadIPPluginJar : add nvic
2019-09-28 14:35:56,178 [INFO] IPUIPlugin:63 - create IPUIPlugin
2019-09-28 14:35:56,178 [INFO] PluginManager:200 - loadIPPluginJar : add opamp
2019-09-28 14:35:56,181 [INFO] IPUIPlugin:63 - create IPUIPlugin
2019-09-28 14:35:56,181 [INFO] PluginManager:200 - loadIPPluginJar : add pdm2pcm
2019-09-28 14:35:56,181 [INFO] IPUIPlugin:63 - create IPUIPlugin
2019-09-28 14:35:56,181 [INFO] PluginManager:200 - loadIPPluginJar : add plateformsettings
2019-09-28 14:35:56,199 [INFO] IPUIPlugin:63 - create IPUIPlugin
2019-09-28 14:35:56,199 [INFO] PluginManager:200 - loadIPPluginJar : add quadspi
2019-09-28 14:35:56,199 [INFO] IPUIPlugin:63 - create IPUIPlugin
2019-09-28 14:35:56,207 [INFO] PluginManager:200 - loadIPPluginJar : add resmgrutility
2019-09-28 14:35:56,208 [INFO] IPUIPlugin:63 - create IPUIPlugin
2019-09-28 14:35:56,208 [INFO] PluginManager:200 - loadIPPluginJar : add sai
2019-09-28 14:35:56,208 [INFO] IPUIPlugin:63 - create IPUIPlugin
2019-09-28 14:35:56,208 [INFO] PluginManager:200 - loadIPPluginJar : add spi
2019-09-28 14:35:56,208 [INFO] IPUIPlugin:63 - create IPUIPlugin
2019-09-28 14:35:56,208 [INFO] PluginManager:200 - loadIPPluginJar : add stm32_wpan
2019-09-28 14:35:56,224 [INFO] IPUIPlugin:63 - create IPUIPlugin
2019-09-28 14:35:56,224 [INFO] PluginManager:200 - loadIPPluginJar : add tim
2019-09-28 14:35:56,229 [INFO] IPUIPlugin:63 - create IPUIPlugin
2019-09-28 14:35:56,229 [INFO] PluginManager:200 - loadIPPluginJar : add touchsensing
2019-09-28 14:35:56,229 [INFO] IPUIPlugin:63 - create IPUIPlugin
2019-09-28 14:35:56,234 [INFO] PluginManager:200 - loadIPPluginJar : add tracer_emb
2019-09-28 14:35:56,235 [INFO] IPUIPlugin:63 - create IPUIPlugin
2019-09-28 14:35:56,235 [INFO] PluginManager:200 - loadIPPluginJar : add ts
2019-09-28 14:35:56,240 [INFO] IPUIPlugin:63 - create IPUIPlugin
2019-09-28 14:35:56,241 [INFO] PluginManager:200 - loadIPPluginJar : add tsc
2019-09-28 14:35:56,241 [INFO] IPUIPlugin:63 - create IPUIPlugin
2019-09-28 14:35:56,244 [INFO] PluginManager:200 - loadIPPluginJar : add ucpd
2019-09-28 14:35:56,248 [INFO] IPUIPlugin:63 - create IPUIPlugin
2019-09-28 14:35:56,248 [INFO] PluginManager:200 - loadIPPluginJar : add usart
2019-09-28 14:35:57,299 [INFO] BoardConnectionPanel:217 - [DDR PANEL] osNameString: Windows
2019-09-28 14:35:57,820 [FATAL] Updater:277 - Updater called before beeing initialized
2019-09-28 14:35:58,548 [FATAL] Updater:277 - Updater called before beeing initialized
2019-09-28 14:35:58,548 [ERROR] IntegrityCheckThread:230 - Cannot obtain thirdParties list 21
2019-09-28 14:35:58,549 [ERROR] IntegrityCheckThread:99 - Unexpected exception IntegrityCheckThread Thread: Updater error
2019-09-28 14:35:58,550 [INFO] ThirdPartyDb:264 - Close Third Party DataBase File (C:/Users/adfil/.stm32cubemx/plugins/thirdparty/db/thirdparties_db.xml)
2019-09-28 14:35:58,584 [FATAL] Updater:277 - Updater called before beeing initialized
2019-09-28 14:35:58,615 [INFO] PinOutPanel:1367 - setPackage(No Configuration,No Configuration)
2019-09-28 14:35:58,616 [FATAL] Updater:277 - Updater called before beeing initialized
2019-09-28 14:35:58,616 [INFO] MainDdrPanel:82 - [DDR PANEL] SETTER - Set cubeProgrammerPath to: C:\ST\STM32CubeIDE_1.0.2\STM32CubeIDE\plugins\com.st.stm32cube.ide.mcu.externaltools.cubeprogrammer.win32_1.0.0.201904021149\tools\bin
2019-09-28 14:35:58,632 [INFO] Updater:860 - Updater Version found : 5.3.0
2019-09-28 14:35:58,649 [INFO] ApplicationProperties:181 - Using Application install path: C:\ST\STM32CubeIDE_1.0.2\STM32CubeIDE\plugins\com.st.stm32cube.common.mx_5.3.0.201907110903
2019-09-28 14:35:58,696 [INFO] MainUpdater:445 - Copy updater definitions from MX database
2019-09-28 14:35:58,768 [INFO] MainUpdater:478 - Copy flag file definitions from MX database
2019-09-28 14:35:58,768 [INFO] MainUpdater:494 - Copy thirdparty index definitions from MX database
2019-09-28 14:35:58,768 [INFO] MainUpdater:513 - Copy default thirdparty db definitions from MX database
2019-09-28 14:35:59,043 [INFO] MainUpdater:2040 - connection check result : 10
2019-09-28 14:35:59,043 [INFO] MainUpdater:2607 - Updater definition file requires update
2019-09-28 14:35:59,046 [INFO] MainUpdater:229 - Updater Check For Update Now.
2019-09-28 14:35:59,046 [INFO] MicroXplorer:401 - Change Database Version : DB.5.0.30
2019-09-28 14:35:59,232 [INFO] ServerAccessManage:347 - Download File updaters.zip
2019-09-28 14:35:59,379 [INFO] FileExtend:191 - Unzip File : updaters.zip
2019-09-28 14:35:59,379 [INFO] FileExtend:206 - Standard Zip Deflate
2019-09-28 14:36:00,020 [INFO] FileExtend:191 - Unzip File : updaters.zip
2019-09-28 14:36:00,020 [INFO] FileExtend:206 - Standard Zip Deflate
2019-09-28 14:36:00,548 [INFO] ServerAccessManage:347 - Download File PacksControlFlags.xml
2019-09-28 14:36:00,642 [INFO] ServerAccessManage:347 - Download File cubemx.pidx
2019-09-28 14:36:00,985 [INFO] ServerAccessManage:347 - Download File STMicroelectronics.X-CUBE-BLE1.pdsc
2019-09-28 14:36:01,856 [ERROR] ServerAccessManage:941 - Problem, file not found on Server
2019-09-28 14:36:02,023 [INFO] ServerAccessManage:347 - Download File STMicroelectronics.X-CUBE-MEMS1.pdsc
2019-09-28 14:36:03,165 [INFO] ServerAccessManage:347 - Download File STMicroelectronics.X-CUBE-AI.pdsc
2019-09-28 14:36:03,733 [INFO] ServerAccessManage:347 - Download File STMicroelectronics.X-CUBE-NFC4.pdsc
2019-09-28 14:36:04,228 [INFO] ServerAccessManage:347 - Download File STMicroelectronics.X-CUBE-GNSS1.pdsc
2019-09-28 14:36:04,562 [ERROR] ServerAccessManage:941 - Problem, file not found on Server
2019-09-28 14:36:04,714 [ERROR] ServerAccessManage:941 - Problem, file not found on Server
2019-09-28 14:36:04,870 [ERROR] ServerAccessManage:941 - Problem, file not found on Server
2019-09-28 14:36:05,032 [ERROR] ServerAccessManage:941 - Problem, file not found on Server
2019-09-28 14:36:05,216 [ERROR] ServerAccessManage:941 - Problem, file not found on Server
2019-09-28 14:36:05,399 [ERROR] ServerAccessManage:941 - Problem, file not found on Server
2019-09-28 14:36:05,426 [INFO] LoadServerUpdatesThread:272 - End of LoadServerUpdate Thread
2019-09-28 14:36:05,434 [INFO] ThirdPartyDb:294 - Open Third Party DataBase File (C:/Users/adfil/.stm32cubemx/plugins/thirdparty/db/thirdparties_db.xml) : 0 ms. number of Sw pack : 0
2019-09-28 14:36:05,506 [INFO] CheckServerUpdateThread:121 - End of CheckServer Thread
2019-09-28 14:36:05,621 [INFO] MainUpdater:2040 - connection check result : 10
2019-09-28 14:36:05,621 [INFO] LogOutputStream:76 - [STDOUT_REDIRECT] Successfull proxy connection.
2019-09-28 14:36:05,744 [INFO] PopulateThirdPartyThread:82 - Ending populate Thread
2019-09-28 14:36:05,760 [INFO] ThirdPartyDb:264 - Close Third Party DataBase File (C:/Users/adfil/.stm32cubemx/plugins/thirdparty/db/thirdparties_db.xml)
2019-09-28 14:36:05,819 [INFO] ThirdPartyDb:294 - Open Third Party DataBase File (C:/Users/adfil/.stm32cubemx/plugins/thirdparty/db/thirdparties_db.xml) : 9 ms. number of Sw pack : 5
2019-09-28 14:36:05,820 [INFO] Engine:435 - softwarePackList size : 5
2019-09-28 14:36:05,829 [INFO] Engine:447 - compute dependency for SwPack X-CUBE-BLE1 have been done, and update is requested
2019-09-28 14:36:05,893 [INFO] Engine:447 - compute dependency for SwPack X-CUBE-MEMS1 have been done, and update is requested
2019-09-28 14:36:05,893 [INFO] Engine:447 - compute dependency for SwPack X-CUBE-AI have been done, and update is requested
2019-09-28 14:36:05,909 [INFO] Engine:447 - compute dependency for SwPack X-CUBE-NFC4 have been done, and update is requested
2019-09-28 14:36:05,926 [INFO] Engine:447 - compute dependency for SwPack X-CUBE-GNSS1 have been done, and update is requested
2019-09-28 14:36:05,929 [INFO] ThirdPartyDb:264 - Close Third Party DataBase File (C:/Users/adfil/.stm32cubemx/plugins/thirdparty/db/thirdparties_db.xml)
2019-09-28 14:36:05,961 [INFO] ThirdPartyDb:294 - Open Third Party DataBase File (C:/Users/adfil/.stm32cubemx/plugins/thirdparty/db/thirdparties_db.xml) : 16 ms. number of Sw pack : 5
2019-09-28 14:36:05,961 [INFO] LogOutputStream:76 - [STDOUT_REDIRECT] Software Pack is missing : STMicroelectronics.X-CUBE-BLE1.4.4.0
2019-09-28 14:36:05,961 [ERROR] ThirdParty:732 - Engine buildDependencyDb : invalid pack or unsuported pack STMicroelectronics.X-CUBE-BLE1.4.4.0
2019-09-28 14:36:05,978 [INFO] LogOutputStream:76 - [STDOUT_REDIRECT] Software Pack is missing : STMicroelectronics.X-CUBE-MEMS1.6.2.0
2019-09-28 14:36:05,978 [ERROR] ThirdParty:732 - Engine buildDependencyDb : invalid pack or unsuported pack STMicroelectronics.X-CUBE-MEMS1.6.2.0
2019-09-28 14:36:05,978 [INFO] LogOutputStream:76 - [STDOUT_REDIRECT] Software Pack is missing : STMicroelectronics.X-CUBE-AI.4.0.0
2019-09-28 14:36:05,978 [ERROR] ThirdParty:732 - Engine buildDependencyDb : invalid pack or unsuported pack STMicroelectronics.X-CUBE-AI.4.0.0
2019-09-28 14:36:05,978 [INFO] LogOutputStream:76 - [STDOUT_REDIRECT] Software Pack is missing : STMicroelectronics.X-CUBE-NFC4.1.4.1
2019-09-28 14:36:05,978 [ERROR] ThirdParty:732 - Engine buildDependencyDb : invalid pack or unsuported pack STMicroelectronics.X-CUBE-NFC4.1.4.1
2019-09-28 14:36:05,996 [INFO] LogOutputStream:76 - [STDOUT_REDIRECT] Software Pack is missing : STMicroelectronics.X-CUBE-GNSS1.3.0.0
2019-09-28 14:36:05,996 [ERROR] ThirdParty:732 - Engine buildDependencyDb : invalid pack or unsuported pack STMicroelectronics.X-CUBE-GNSS1.3.0.0
2019-09-28 14:36:06,478 [INFO] McuFinderGlobals:40 - Set McuFinder mode to 2 (CubeIDE integrated)
2019-09-28 14:36:06,534 [INFO] FinderPluginLoader:85 - Searching for filters in installed packs
2019-09-28 14:36:06,536 [INFO] DbMcusXml:106 - Load MCU database from C:\ST\STM32CubeIDE_1.0.2\STM32CubeIDE\plugins\com.st.stm32cube.common.mx_5.3.0.201907110903\\db\/mcu/families.xml
2019-09-28 14:36:07,759 [INFO] DbMcusJson:87 - JSON generation date=Fri Jun 21 12:28:09 CEST 2019 (1561112889)
2019-09-28 14:36:09,561 [INFO] DbMcus:193 - Found 1496 MCUs (1455 are supported by CubeMX, 1455 are visible in CubeMX)
2019-09-28 14:36:09,568 [INFO] ApiDb:147 - User favorites file not found: C:\Users\adfil/.stm32cubeide/favorites.mcus.txt
2019-09-28 14:36:09,568 [INFO] DbMcus:205 - Set 0 / 0 favorites MCUs
2019-09-28 14:36:10,874 [INFO] DbMcusAds:130 - JSON generation date=Wed Feb 20 17:46:15 CET 2019 (1550681175)
2019-09-28 14:36:11,110 [INFO] ServerAccessManage:347 - Download File 
2019-09-28 14:36:11,458 [INFO] LoadUrlFilesThread:147 - End of LoadServerUrlFiles without Thread
2019-09-28 14:36:11,479 [INFO] McuDetailPanel:180 - Set advertising image to C:/Users/adfil/STM32Cube/Repository/\PRSTM32MP10219-01-med.jpg
2019-09-28 14:36:13,473 [INFO] ServerAccessManage:347 - Download File mcusDocs.json
2019-09-28 14:36:13,568 [INFO] LoadUrlFilesThread:129 - End of LoadUrlFiles Thread
2019-09-28 14:36:23,610 [INFO] ServerAccessManage:347 - Download File mcusFeaturesAndDescription.json
2019-09-28 14:36:25,800 [INFO] LoadUrlFilesThread:129 - End of LoadUrlFiles Thread
2019-09-28 14:36:25,962 [INFO] ServerAccessManage:347 - Download File mcusAds.json
2019-09-28 14:36:25,997 [INFO] LoadUrlFilesThread:129 - End of LoadUrlFiles Thread
2019-09-28 14:36:27,609 [INFO] ServerAccessManage:347 - Download File boardsDocs.json
2019-09-28 14:36:27,712 [INFO] LoadUrlFilesThread:129 - End of LoadUrlFiles Thread
2019-09-28 14:36:28,177 [INFO] ServerAccessManage:347 - Download File boards.json
2019-09-28 14:36:28,327 [INFO] LoadUrlFilesThread:129 - End of LoadUrlFiles Thread
2019-09-28 14:36:28,586 [INFO] ServerAccessManage:347 - Download File crdb.zip
2019-09-28 14:36:28,963 [INFO] FileExtend:191 - Unzip File : crdb.zip
2019-09-28 14:36:28,973 [INFO] FileExtend:206 - Standard Zip Deflate
2019-09-28 14:36:29,054 [INFO] LoadUrlFilesThread:129 - End of LoadUrlFiles Thread
2019-09-28 14:36:29,059 [INFO] DbMcusDocs:126 - JSON generation date=Mon Sep 23 11:35:45 CEST 2019 (1569231345)
2019-09-28 14:36:29,291 [INFO] DbMcusDocs:61 - Found 500 MCUs documents
2019-09-28 14:36:29,295 [INFO] ApiDb:186 - Save user favorites file C:\Users\adfil/.stm32cubeide/favorites.mcus.txt: 0 item(s)
2019-09-28 14:36:29,296 [INFO] ApiDb:191 - User favorites MCUs=[]
2019-09-28 14:36:29,296 [INFO] DbMcusXml:106 - Load MCU database from C:\ST\STM32CubeIDE_1.0.2\STM32CubeIDE\plugins\com.st.stm32cube.common.mx_5.3.0.201907110903\\db\/mcu/families.xml
2019-09-28 14:36:30,050 [INFO] DbMcusJson:87 - JSON generation date=Mon Sep 23 11:35:45 CEST 2019 (1569231345)
2019-09-28 14:36:31,183 [INFO] DbMcus:193 - Found 1496 MCUs (1455 are supported by CubeMX, 1455 are visible in CubeMX)
2019-09-28 14:36:31,184 [INFO] ApiDb:158 - Load user favorites file C:\Users\adfil/.stm32cubeide/favorites.mcus.txt: 0 item(s)
2019-09-28 14:36:31,184 [INFO] ApiDb:163 - User favorites MCUs=[]
2019-09-28 14:36:31,184 [INFO] DbMcus:205 - Set 0 / 0 favorites MCUs
2019-09-28 14:36:31,310 [INFO] McuFilterPanel:282 - Update 0 favorites MCUs
2019-09-28 14:36:31,727 [INFO] DbBoardsDocs:118 - JSON generation date=Mon Sep 23 11:35:45 CEST 2019 (1569231345)
2019-09-28 14:36:31,765 [INFO] DbBoardsPdsc:92 - Found 18 items
2019-09-28 14:36:31,776 [INFO] DbBoardsPdsc:92 - Found 9 items
2019-09-28 14:36:31,789 [INFO] DbBoardsPdsc:92 - Found 27 items
2019-09-28 14:36:31,795 [INFO] DbBoardsPdsc:92 - Found 1 items
2019-09-28 14:36:31,807 [INFO] DbBoardsPdsc:92 - Found 37 items
2019-09-28 14:36:31,822 [INFO] DbBoardsPdsc:92 - Found 37 items
2019-09-28 14:36:31,825 [INFO] DbBoardsPdsc:92 - Found 1 items
2019-09-28 14:36:31,857 [INFO] DbBoardsJson:79 - JSON generation date=Fri Sep 27 13:37:26 CEST 2019 (1569584246)
2019-09-28 14:36:31,864 [INFO] DbBoards:120 - Found 132 boards (129 are supported by CubeMX)
2019-09-28 14:36:31,876 [INFO] DbBoardsDocs:118 - JSON generation date=Mon Sep 23 11:35:45 CEST 2019 (1569231345)
2019-09-28 14:36:31,885 [INFO] DbBoardsDocs:57 - Found 160 boards documents
2019-09-28 14:36:31,885 [WARN] DbBoards:130 - board NUCLEO-H743ZI2 has no document id list !
2019-09-28 14:36:31,885 [WARN] DbBoards:130 - board P-NUCLEO-WB55-Nucleo has no document id list !
2019-09-28 14:36:31,885 [WARN] DbBoards:130 - board P-NUCLEO-WB55-USBDongle has no document id list !
2019-09-28 14:36:31,885 [WARN] DbBoards:130 - board P-NUCLEO-WB55 has no document id list !
2019-09-28 14:36:31,885 [WARN] DbBoards:130 - board STM32F401C-DISCO has no document id list !
2019-09-28 14:36:31,885 [WARN] DbBoards:130 - board STM32F769I-DISC1 has no document id list !
2019-09-28 14:36:31,885 [WARN] DbBoards:130 - board STM32F7308-DISCO has no document id list !
2019-09-28 14:36:31,885 [WARN] DbBoards:130 - board STM32L-DISCOVERY has no document id list !
2019-09-28 14:36:31,901 [WARN] DbBoards:130 - board STM32H747I-DISC1 has no document id list !
2019-09-28 14:36:31,901 [WARN] DbBoards:130 - board STM32MP157A-DK1 has no document id list !
2019-09-28 14:36:31,901 [WARN] DbBoards:130 - board STM32100E-EVAL has no document id list !
2019-09-28 14:36:31,901 [WARN] DbBoards:130 - board STM32303C-EVAL has no document id list !
2019-09-28 14:36:31,901 [WARN] DbBoards:130 - board STM32L152D-EVAL has no document id list !
2019-09-28 14:36:31,901 [WARN] DbBoards:130 - board STM32H743I-EVAL2 has no document id list !
2019-09-28 14:36:31,901 [WARN] DbBoards:130 - board STM32H753I-EVAL2 has no document id list !
2019-09-28 14:36:31,901 [WARN] DbBoards:130 - board STM32G474E-EVAL1 has no document id list !
2019-09-28 14:36:31,901 [WARN] DbBoards:130 - board STEVAL-MKSBOX1V1 has no document id list !
2019-09-28 14:36:32,746 [ERROR] DbBoards:192 - Image file not found for board B-G474E-DPOW1: C:\ST\STM32CubeIDE_1.0.2\STM32CubeIDE\plugins\com.st.stm32cube.common.mx_5.3.0.201907110903\\db\/plugins/mcufinder/images/boards/B-G474E-DPOW1_small.jpg
2019-09-28 14:36:32,924 [ERROR] DbBoards:192 - Image file not found for board STM32G0316-DISCO: C:\ST\STM32CubeIDE_1.0.2\STM32CubeIDE\plugins\com.st.stm32cube.common.mx_5.3.0.201907110903\\db\/plugins/mcufinder/images/boards/stm32g0316discovery_small.jpg
2019-09-28 14:36:33,445 [INFO] ApiDb:147 - User favorites file not found: C:\Users\adfil/.stm32cubeide/favorites.boards.txt
2019-09-28 14:36:33,445 [INFO] DbBoards:209 - Set 0 / 0 favorites Boards
2019-09-28 14:36:33,459 [INFO] DbBoardsDocs:57 - Found 320 boards documents
2019-09-28 14:36:33,461 [INFO] ApiDb:186 - Save user favorites file C:\Users\adfil/.stm32cubeide/favorites.boards.txt: 0 item(s)
2019-09-28 14:36:33,462 [INFO] ApiDb:191 - User favorites Boards=[]
2019-09-28 14:36:33,466 [INFO] DbBoardsPdsc:92 - Found 18 items
2019-09-28 14:36:33,466 [INFO] DbBoardsPdsc:92 - Found 9 items
2019-09-28 14:36:33,473 [INFO] DbBoardsPdsc:92 - Found 27 items
2019-09-28 14:36:33,474 [INFO] DbBoardsPdsc:92 - Found 1 items
2019-09-28 14:36:33,481 [INFO] DbBoardsPdsc:92 - Found 37 items
2019-09-28 14:36:33,490 [INFO] DbBoardsPdsc:92 - Found 37 items
2019-09-28 14:36:33,492 [INFO] DbBoardsPdsc:92 - Found 1 items
2019-09-28 14:36:33,512 [INFO] DbBoardsJson:79 - JSON generation date=Fri Sep 27 13:37:26 CEST 2019 (1569584246)
2019-09-28 14:36:33,520 [INFO] DbBoards:120 - Found 132 boards (129 are supported by CubeMX)
2019-09-28 14:36:33,520 [WARN] DbBoards:130 - board NUCLEO-H743ZI2 has no document id list !
2019-09-28 14:36:33,520 [WARN] DbBoards:130 - board P-NUCLEO-WB55-Nucleo has no document id list !
2019-09-28 14:36:33,520 [WARN] DbBoards:130 - board P-NUCLEO-WB55-USBDongle has no document id list !
2019-09-28 14:36:33,520 [WARN] DbBoards:130 - board P-NUCLEO-WB55 has no document id list !
2019-09-28 14:36:33,520 [WARN] DbBoards:130 - board STM32F401C-DISCO has no document id list !
2019-09-28 14:36:33,520 [WARN] DbBoards:130 - board STM32F769I-DISC1 has no document id list !
2019-09-28 14:36:33,520 [WARN] DbBoards:130 - board STM32F7308-DISCO has no document id list !
2019-09-28 14:36:33,520 [WARN] DbBoards:130 - board STM32L-DISCOVERY has no document id list !
2019-09-28 14:36:33,520 [WARN] DbBoards:130 - board STM32H747I-DISC1 has no document id list !
2019-09-28 14:36:33,520 [WARN] DbBoards:130 - board STM32MP157A-DK1 has no document id list !
2019-09-28 14:36:33,520 [WARN] DbBoards:130 - board STM32100E-EVAL has no document id list !
2019-09-28 14:36:33,520 [WARN] DbBoards:130 - board STM32303C-EVAL has no document id list !
2019-09-28 14:36:33,533 [WARN] DbBoards:130 - board STM32L152D-EVAL has no document id list !
2019-09-28 14:36:33,533 [WARN] DbBoards:130 - board STM32H743I-EVAL2 has no document id list !
2019-09-28 14:36:33,534 [WARN] DbBoards:130 - board STM32H753I-EVAL2 has no document id list !
2019-09-28 14:36:33,534 [WARN] DbBoards:130 - board STM32G474E-EVAL1 has no document id list !
2019-09-28 14:36:33,534 [WARN] DbBoards:130 - board STEVAL-MKSBOX1V1 has no document id list !
2019-09-28 14:36:33,998 [ERROR] DbBoards:192 - Image file not found for board B-G474E-DPOW1: C:\ST\STM32CubeIDE_1.0.2\STM32CubeIDE\plugins\com.st.stm32cube.common.mx_5.3.0.201907110903\\db\/plugins/mcufinder/images/boards/B-G474E-DPOW1_small.jpg
2019-09-28 14:36:34,099 [ERROR] DbBoards:192 - Image file not found for board STM32G0316-DISCO: C:\ST\STM32CubeIDE_1.0.2\STM32CubeIDE\plugins\com.st.stm32cube.common.mx_5.3.0.201907110903\\db\/plugins/mcufinder/images/boards/stm32g0316discovery_small.jpg
2019-09-28 14:36:34,447 [INFO] ApiDb:158 - Load user favorites file C:\Users\adfil/.stm32cubeide/favorites.boards.txt: 0 item(s)
2019-09-28 14:36:34,448 [INFO] ApiDb:163 - User favorites Boards=[]
2019-09-28 14:36:34,448 [INFO] DbBoards:209 - Set 0 / 0 favorites Boards
2019-09-28 14:36:34,680 [INFO] LoadUrlFilesThread:147 - End of LoadServerUrlFiles without Thread
2019-09-28 14:36:34,683 [INFO] McuFilterPanel:282 - Update 0 favorites MCUs
2019-09-28 14:36:35,040 [INFO] LoadUrlFilesThread:147 - End of LoadServerUrlFiles without Thread
2019-09-28 14:36:35,040 [INFO] BoardDetailPanel:179 - Set advertising image to C:/Users/adfil/STM32Cube/Repository/\PRSTM32MP10219-01-med.jpg
2019-09-28 14:36:35,120 [INFO] BoardFilterPanel:211 - Update 0 favorites Boards
2019-09-28 14:36:35,332 [INFO] CrossSelectorPresenter:1319 - Cross Selector saved comparison directory: C:\Users\adfil\.stmcufinder\plugins\mcufinder\mcu\cs_comparisons_mx
2019-09-28 14:39:50,576 [INFO] LogOutputStream:76 - [STDOUT_REDIRECT] withoutVersionV1.8.0
2019-09-28 14:40:36,319 [INFO] LogOutputStream:76 - [STDOUT_REDIRECT] File copied successfully!!
2019-09-28 14:40:41,107 [INFO] MainUpdater:2040 - connection check result : 10
2019-09-28 14:40:41,108 [INFO] LogOutputStream:76 - [STDOUT_REDIRECT] Successfull proxy connection.
2019-09-28 14:40:41,203 [INFO] MicroXplorer:371 - Change Database Path : 
2019-09-28 14:40:41,204 [INFO] MicroXplorer:401 - Change Database Version : DB.5.0.30
2019-09-28 14:40:41,207 [INFO] PinOutPanel:1367 - setPackage(No Configuration,No Configuration)
2019-09-28 14:40:41,208 [INFO] UtilMem:74 - Begin LoadConfig() Used Memory: 508700616 Bytes (666894336)
2019-09-28 14:40:41,209 [INFO] OpenFileManager:269 - Change cursor
2019-09-28 14:40:43,300 [INFO] Rule:205 - rule SPDIFRX instance for mcu is applicable
2019-09-28 14:40:43,300 [INFO] Rule:205 - rule Rename Tracer Mode is applicable
2019-09-28 14:40:43,300 [INFO] Rule:205 - rule SPDIFRX instance value for IP SPDIFRX is applicable
2019-09-28 14:40:43,300 [INFO] Rule:205 - rule SPDIFRX instance for signal is applicable
2019-09-28 14:40:43,300 [INFO] Rule:205 - rule SPDIFRX instance for project manager is applicable
2019-09-28 14:40:43,300 [INFO] Rule:205 - rule SPDIFRX instance for project manager is applicable
2019-09-28 14:40:43,300 [INFO] Rule:205 - rule ADC Scan  fix with FW F7 is applicable
2019-09-28 14:40:43,300 [INFO] Rule:205 - rule ADC Scan  fix with FW F7 is applicable
2019-09-28 14:40:43,300 [INFO] Rule:205 - rule UART/USART WORD LENGTH 7 is applicable
2019-09-28 14:40:43,300 [INFO] Rule:205 - rule UART/USART WORD LENGTH 8 is applicable
2019-09-28 14:40:43,300 [INFO] Rule:205 - rule UART/USART WORD LENGTH 9 is applicable
2019-09-28 14:40:43,300 [INFO] Rule:205 - rule ADC SamplingTime fix with FW L0  is applicable
2019-09-28 14:40:43,300 [INFO] Rule:205 - rule ADC SamplingTime fix with FW L0  is applicable
2019-09-28 14:40:43,300 [INFO] Rule:205 - rule ADC SamplingTime fix with FW L0 is applicable
2019-09-28 14:40:43,304 [INFO] Rule:205 - rule ADC SamplingTime fix with FW L0 is applicable
2019-09-28 14:40:43,304 [INFO] Rule:205 - rule ADC SamplingTime fix with FW L0  is applicable
2019-09-28 14:40:43,304 [INFO] Rule:205 - rule ADC SamplingTime fix with FW L0 is applicable
2019-09-28 14:40:43,304 [INFO] Rule:205 - rule Rename USB_OE Signal is applicable
2019-09-28 14:40:43,304 [INFO] Rule:205 - rule Rename Activate_OE Mode is applicable
2019-09-28 14:40:43,304 [INFO] Rule:205 - rule Rename DIE462/DIE415 pin PC14/OSC32_IN -> PC14-OSC32_IN (PC14) is applicable
2019-09-28 14:40:43,304 [INFO] Rule:205 - rule Rename DIE462/DIE415 pin PC15/OSC32_OUT -> PC15-OSC32_OUT (PC15) is applicable
2019-09-28 14:40:43,304 [INFO] Rule:205 - rule Rename DIE462/DIE415 pin PH0/OSC_IN -> PH0-OSC_IN (PH0) is applicable
2019-09-28 14:40:43,304 [INFO] Rule:205 - rule Rename DIE462/DIE415 pin PH1/OSC_OUT -> PH1-OSC_OUT (PH1) is applicable
2019-09-28 14:40:43,304 [INFO] Rule:205 - rule Rename DIE462 pin PA13 -> PA13 (JTMS/SWDIO) is applicable
2019-09-28 14:40:43,304 [INFO] Rule:205 - rule Rename DIE415 pin PA13 -> PA13 (JTMS/SWDIO) is applicable
2019-09-28 14:40:43,304 [INFO] Rule:205 - rule Rename DIE462 pin PA14 -> PA14 (JTCK/SWCLK) is applicable
2019-09-28 14:40:43,304 [INFO] Rule:205 - rule Rename DIE415 pin PA14 -> PA14 (JTCK/SWCLK) is applicable
2019-09-28 14:40:43,304 [INFO] Rule:205 - rule Rename DIE462/DIE415 pin PA15 -> PA15 (JTDI) is applicable
2019-09-28 14:40:43,304 [INFO] Rule:205 - rule Rename DIE462 pin PB3 -> PB3 (JTD0/TRACESWO) is applicable
2019-09-28 14:40:43,304 [INFO] Rule:205 - rule Rename DIE415 pin PB3 -> PB3 (JTD0-TRACESWO) is applicable
2019-09-28 14:40:43,304 [INFO] Rule:205 - rule Rename DIE462/DIE415 pin PB4 -> PB4 (NJTRST) is applicable
2019-09-28 14:40:43,304 [INFO] Rule:205 - rule Rename DIE462 pin PH3/BOOT0 -> PH3-BOOT0 (BOOT0) is applicable
2019-09-28 14:40:43,304 [INFO] Rule:205 - rule Rename CRYP DataEncryptionTypesList to Algorithm is applicable
2019-09-28 14:40:43,304 [INFO] Rule:205 - rule Rename AES DataEncryptionTypesList to Algorithm is applicable
2019-09-28 14:40:43,304 [INFO] Rule:205 - rule Rename TDESECB to CRYP_TDES_ECB is applicable
2019-09-28 14:40:43,304 [INFO] Rule:205 - rule Rename TDESCBC to CRYP_TDES_CBC is applicable
2019-09-28 14:40:43,304 [INFO] Rule:205 - rule Rename DESECB to CRYP_DES_ECB is applicable
2019-09-28 14:40:43,304 [INFO] Rule:205 - rule Rename DESCBC to CRYP_DES_CBC is applicable
2019-09-28 14:40:43,304 [INFO] Rule:205 - rule Rename AESECB to CRYP_AES_ECB is applicable
2019-09-28 14:40:43,304 [INFO] Rule:205 - rule Rename AESCBC to CRYP_AES_CBC is applicable
2019-09-28 14:40:43,308 [INFO] Rule:205 - rule Rename AESCTR to CRYP_AES_CTR is applicable
2019-09-28 14:40:43,308 [INFO] Rule:205 - rule Rename AESGCM to CRYP_AES_GCM is applicable
2019-09-28 14:40:43,308 [INFO] Rule:205 - rule Rename AESCCM to CRYP_AES_CCM is applicable
2019-09-28 14:40:43,309 [INFO] Rule:205 - rule Rename CAN TimeSeg1 to BS1 is applicable
2019-09-28 14:40:43,309 [INFO] Rule:205 - rule Rename CAN TimeSeg2 to BS2 is applicable
2019-09-28 14:40:43,309 [INFO] Rule:205 - rule Rename CAN SyncJumpWidth to SJW is applicable
2019-09-28 14:40:43,309 [INFO] Rule:205 - rule TimeTriggeredMode to TTCM is applicable
2019-09-28 14:40:43,309 [INFO] Rule:205 - rule Rename CAN AutoBusOff to ABOM is applicable
2019-09-28 14:40:43,309 [INFO] Rule:205 - rule Rename CAN AutoWakeUp to AWUM is applicable
2019-09-28 14:40:43,309 [INFO] Rule:205 - rule Rename CAN AutoRetransmission to NART is applicable
2019-09-28 14:40:43,310 [INFO] Rule:205 - rule Rename CAN ReceiveFifoLocked to RFLM is applicable
2019-09-28 14:40:43,310 [INFO] Rule:205 - rule Rename CAN TransmitFifoPriority to TXFP is applicable
2019-09-28 14:40:43,310 [INFO] Rule:205 - rule Rename HRTIMER HRTIM_OUTPUTFAULTLEVEL_HIGH in HRTIMER HRTIM_OUTPUTFAULTLEVEL_HIGHZ is applicable
2019-09-28 14:40:43,310 [INFO] Rule:205 - rule Rename TIMER TIM_CLEARINPUTSOURCE_OCREFCLR in  TIMER TIM_CLEARINPUTSOURCE_NONE for F7 family is applicable
2019-09-28 14:40:43,310 [INFO] Rule:205 - rule FDCAN_R1 - Rename FDCAN mode Master into Classic is applicable
2019-09-28 14:40:43,310 [INFO] Rule:205 - rule FDCAN_R2 - Rename FDCAN mode Slave into Classic is applicable
2019-09-28 14:40:43,310 [INFO] Rule:205 - rule FDCAN1_R3 - if PA10.Mode=FullDuplex, add Pin PA12 is applicable
2019-09-28 14:40:43,310 [INFO] Rule:205 - rule FDCAN1_R3 - if PA9.Mode=FullDuplex, add Pin PA11 is applicable
2019-09-28 14:40:43,310 [INFO] Rule:205 - rule FDCAN1_R3 - Alternatepin_1 - if PE1.Mode=FullDuplex, add Pin PB9 is applicable
2019-09-28 14:40:43,310 [INFO] Rule:205 - rule FDCAN1_R3 - Alternatepin_1 - if PE0.Mode=FullDuplex, add Pin PB8 is applicable
2019-09-28 14:40:43,311 [INFO] Rule:205 - rule FDCAN1_R3 - Alternatepin_2 - if PD5.Mode=FullDuplex, add Pin PD1 is applicable
2019-09-28 14:40:43,311 [INFO] Rule:205 - rule FDCAN1_R3 - Alternatepin_2 - if PD4.Mode=FullDuplex, add Pin PD0 is applicable
2019-09-28 14:40:43,311 [INFO] Rule:205 - rule FDCAN1_R4 - Rename Mode FullDuplex into Enable FDCAN_TXFD for pin PA10 is applicable
2019-09-28 14:40:43,312 [INFO] Rule:205 - rule FDCAN1_R4 - Rename Mode FullDuplex into Enable FDCAN_TXFD for pin PA9 is applicable
2019-09-28 14:40:43,312 [INFO] Rule:205 - rule FDCAN1_R4 - Alternatepin_1 - Rename Mode FullDuplex into Enable FDCAN_TXFD for pin PE1 is applicable
2019-09-28 14:40:43,312 [INFO] Rule:205 - rule FDCAN1_R4 - Alternatepin_1 - Rename Mode FullDuplex into Enable FDCAN_TXFD for pin PE0 is applicable
2019-09-28 14:40:43,313 [INFO] Rule:205 - rule FDCAN1_R4 - Alternatepin_2 - Rename Mode FullDuplex into Enable FDCAN_TXFD for pin PD5 is applicable
2019-09-28 14:40:43,313 [INFO] Rule:205 - rule FDCAN1_R4 - Alternatepin_2 - Rename Mode FullDuplex into Enable FDCAN_TXFD for pin PD4 is applicable
2019-09-28 14:40:43,313 [INFO] Rule:205 - rule FDCAN2_R3 - if PD10.Mode=FullDuplex, add Pin PB13 is applicable
2019-09-28 14:40:43,313 [INFO] Rule:205 - rule FDCAN2_R3 - if PD9.Mode=FullDuplex, add Pin PB12 is applicable
2019-09-28 14:40:43,314 [INFO] Rule:205 - rule FDCAN2_R3 - Alternatepin_1 - if PB7.Mode=FullDuplex, add Pin PB6 is applicable
2019-09-28 14:40:43,314 [INFO] Rule:205 - rule FDCAN2_R3 - Alternatepin_1 - if PD9.Mode=FullDuplex, add Pin PB12 is applicable
2019-09-28 14:40:43,314 [INFO] Rule:205 - rule FDCAN2_R4 - Rename Mode FullDuplex into Enable FDCAN_TXFD for pin PD10 is applicable
2019-09-28 14:40:43,314 [INFO] Rule:205 - rule FDCAN2_R4 - Rename Mode FullDuplex into Enable FDCAN_TXFD for pin PD9 is applicable
2019-09-28 14:40:43,314 [INFO] Rule:205 - rule FDCAN2_R4 - Alternatepin_1 - Rename Mode FullDuplex into Enable FDCAN_TXFD for pin PB7 is applicable
2019-09-28 14:40:43,315 [INFO] Rule:205 - rule FDCAN2_R4 - Alternatepin_1 - Rename Mode FullDuplex into Enable FDCAN_TXFD for pin PD6 is applicable
2019-09-28 14:40:43,315 [INFO] Rule:205 - rule USART TxPinLevelInvertParam Mode is applicable
2019-09-28 14:40:43,315 [INFO] Rule:205 - rule USART RxPinLevelInvertParam Mode is applicable
2019-09-28 14:40:43,316 [INFO] Rule:205 - rule USART DataInvertParam Mode is applicable
2019-09-28 14:40:43,316 [INFO] Rule:205 - rule USART SwapParam Mode is applicable
2019-09-28 14:40:43,316 [INFO] Rule:205 - rule USART OverrunDisableParam Mode is applicable
2019-09-28 14:40:43,316 [INFO] Rule:205 - rule USART DMADisableonRxErrorParam Mode is applicable
2019-09-28 14:40:43,316 [INFO] Rule:205 - rule USART MSBFirstParam Mode is applicable
2019-09-28 14:40:43,318 [INFO] Rule:205 - rule Update MwName for USB_DEVICE is applicable
2019-09-28 14:40:43,318 [INFO] Rule:205 - rule Change PWR_Regulator_Voltage_Scale Default Value for RCC  H7 family is applicable
2019-09-28 14:40:43,318 [INFO] Rule:205 - rule UART/USART IPParameter rename Prescaler parameter to ClockPrescaler is applicable
2019-09-28 14:40:43,318 [INFO] Rule:205 - rule UART/USART Prescaler rename Prescaler parameter to ClockPrescaler is applicable
2019-09-28 14:40:43,319 [INFO] Rule:205 - rule TIM1CLockSelection is applicable
2019-09-28 14:40:43,319 [INFO] Rule:205 - rule TIM15CLockSelection is applicable
2019-09-28 14:40:43,331 [INFO] DbConfProperties:222 - Apply Compatibility (21/89 Rules)
2019-09-28 14:40:43,351 [INFO] ImportTextPane:162 - (OptionalMessage_ERROR) Unable to find key (Mcu.ThirdPartyNb) in loaded IOC file
2019-09-28 14:40:43,432 [INFO] ImportTextPane:162 - (OptionalMessage_ERROR) IP (RCC) : Parameter (ADCFreqValue) has invalid value (32000000)
2019-09-28 14:40:43,432 [INFO] ImportTextPane:162 - (OptionalMessage_ERROR) IP (RCC) : Invalid parameter (FamilyName)
2019-09-28 14:40:43,436 [INFO] ImportTextPane:162 - (OptionalMessage_ERROR) IP (RCC) : Parameter (MCOFreq_Value) has invalid value (64000000)
2019-09-28 14:40:43,437 [INFO] ImportTextPane:162 - (OptionalMessage_ERROR) IP (RCC) : Parameter (USBFreq_Value) has invalid value (64000000)
2019-09-28 14:40:43,694 [INFO] UtilMem:74 - End LoadConfig() Used Memory: 495702864 Bytes (666894336)
2019-09-28 14:40:43,775 [INFO] ThirdParty:912 - CMSIS Pack Vendor :STMicroelectronics X-CUBE-BLE1 4.4.0
2019-09-28 14:40:43,775 [INFO] ThirdParty:912 - CMSIS Pack Vendor :STMicroelectronics X-CUBE-MEMS1 6.2.0
2019-09-28 14:40:43,775 [INFO] ThirdParty:912 - CMSIS Pack Vendor :STMicroelectronics X-CUBE-NFC4 1.4.1
2019-09-28 14:40:43,775 [INFO] ThirdParty:912 - CMSIS Pack Vendor :STMicroelectronics X-CUBE-GNSS1 3.0.0
2019-09-28 14:40:44,065 [INFO] PinOutPanel:1367 - setPackage(No Configuration,No Configuration)
2019-09-28 14:40:44,069 [INFO] PinOutPanel:1367 - setPackage(STM32F103RBTx,LQFP64)
2019-09-28 14:40:44,671 [INFO] UtilMem:74 - Before build in PCC Used Memory: 535322296 Bytes (666894336)
2019-09-28 14:40:45,171 [INFO] SharedServices:71 - Folder for power plug-in: C:/Users/adfil/.stm32cubemx/plugins/power
2019-09-28 14:40:45,174 [INFO] UtilMem:74 - After build in PCC Used Memory: 548953784 Bytes (666894336)
2019-09-28 14:40:45,195 [INFO] BlockDiagram:1818 - stop enableDisableButtons
2019-09-28 14:40:45,195 [INFO] IPUIPlugin:63 - create IPUIPlugin
2019-09-28 14:40:45,196 [INFO] IPUIPlugin:63 - create IPUIPlugin
2019-09-28 14:40:45,196 [INFO] IPUIPlugin:63 - create IPUIPlugin
2019-09-28 14:40:45,196 [INFO] IPUIPlugin:63 - create IPUIPlugin
2019-09-28 14:40:45,197 [INFO] IPUIPlugin:63 - create IPUIPlugin
2019-09-28 14:40:45,197 [INFO] IPUIPlugin:63 - create IPUIPlugin
2019-09-28 14:40:45,197 [INFO] IPUIPlugin:63 - create IPUIPlugin
2019-09-28 14:40:45,197 [INFO] IPUIPlugin:63 - create IPUIPlugin
2019-09-28 14:40:45,199 [INFO] IPUIPlugin:63 - create IPUIPlugin
2019-09-28 14:40:45,199 [INFO] IPUIPlugin:63 - create IPUIPlugin
2019-09-28 14:40:45,199 [INFO] IPUIPlugin:63 - create IPUIPlugin
2019-09-28 14:40:45,200 [INFO] IPUIPlugin:63 - create IPUIPlugin
2019-09-28 14:40:45,200 [INFO] IPUIPlugin:63 - create IPUIPlugin
2019-09-28 14:40:45,200 [INFO] IPUIPlugin:63 - create IPUIPlugin
2019-09-28 14:40:45,200 [INFO] IPUIPlugin:63 - create IPUIPlugin
2019-09-28 14:40:45,200 [INFO] IPUIPlugin:63 - create IPUIPlugin
2019-09-28 14:40:45,200 [INFO] IPUIPlugin:63 - create IPUIPlugin
2019-09-28 14:40:45,200 [INFO] IPUIPlugin:63 - create IPUIPlugin
2019-09-28 14:40:45,200 [INFO] IPUIPlugin:63 - create IPUIPlugin
2019-09-28 14:40:45,200 [INFO] IPUIPlugin:63 - create IPUIPlugin
2019-09-28 14:40:45,200 [INFO] IPUIPlugin:63 - create IPUIPlugin
2019-09-28 14:40:45,204 [INFO] IPUIPlugin:63 - create IPUIPlugin
2019-09-28 14:40:45,204 [INFO] IPUIPlugin:63 - create IPUIPlugin
2019-09-28 14:40:45,204 [INFO] IPUIPlugin:63 - create IPUIPlugin
2019-09-28 14:40:45,204 [INFO] IPUIPlugin:63 - create IPUIPlugin
2019-09-28 14:40:45,204 [INFO] IPUIPlugin:63 - create IPUIPlugin
2019-09-28 14:40:45,204 [INFO] IPUIPlugin:63 - create IPUIPlugin
2019-09-28 14:40:45,233 [INFO] BlockDiagram:1818 - stop enableDisableButtons
2019-09-28 14:40:45,253 [INFO] LogOutputStream:76 - [STDOUT_REDIRECT] toolchainItems.length=====1
2019-09-28 14:40:45,257 [INFO] LogOutputStream:76 - [STDOUT_REDIRECT] method name===============isUnderRootDefaultMode
2019-09-28 14:40:45,262 [INFO] LogOutputStream:76 - [STDOUT_REDIRECT] method name===============isRootSelectionSupported
2019-09-28 14:40:45,384 [INFO] LogOutputStream:76 - [STDOUT_REDIRECT] method name===============isUnderRootDefaultMode
2019-09-28 14:40:45,384 [INFO] LogOutputStream:76 - [STDOUT_REDIRECT] method name===============isUnderRootDefaultMode
2019-09-28 14:40:45,388 [INFO] LogOutputStream:76 - [STDOUT_REDIRECT] method name===============isUnderRootDefaultMode
2019-09-28 14:40:45,388 [INFO] LogOutputStream:76 - [STDOUT_REDIRECT] method name===============isRootSelectionSupported
2019-09-28 14:40:45,393 [INFO] LogOutputStream:76 - [STDOUT_REDIRECT] method name===============isRootSelectionSupported
2019-09-28 14:40:45,393 [INFO] LogOutputStream:76 - [STDOUT_REDIRECT] method name===============isUnderRootDefaultMode
2019-09-28 14:40:45,403 [INFO] OpenFileManager:289 - Restore cursor
2019-09-28 14:40:45,418 [INFO] LogOutputStream:76 - [STDOUT_REDIRECT] method name===============isUnderRootDefaultMode
2019-09-28 14:40:45,418 [INFO] LogOutputStream:76 - [STDOUT_REDIRECT] method name===============isUnderRootDefaultMode
2019-09-28 14:40:45,422 [INFO] LogOutputStream:76 - [STDOUT_REDIRECT] method name===============isUnderRootDefaultMode
2019-09-28 14:40:45,430 [INFO] LogOutputStream:76 - [STDOUT_REDIRECT] method name===============isRootSelectionSupported
2019-09-28 14:40:45,433 [INFO] LogOutputStream:76 - [STDOUT_REDIRECT] method name===============isRootSelectionSupported
2019-09-28 14:40:45,435 [INFO] LogOutputStream:76 - [STDOUT_REDIRECT] method name===============isUnderRootDefaultMode
2019-09-28 14:40:45,557 [INFO] BlockDiagram:1818 - stop enableDisableButtons
2019-09-28 14:40:45,597 [INFO] LogOutputStream:76 - [STDOUT_REDIRECT] method name===============isUnderRootDefaultMode
2019-09-28 14:40:45,601 [INFO] LogOutputStream:76 - [STDOUT_REDIRECT] method name===============isUnderRootDefaultMode
2019-09-28 14:40:45,605 [INFO] LogOutputStream:76 - [STDOUT_REDIRECT] method name===============isUnderRootDefaultMode
2019-09-28 14:40:45,609 [INFO] LogOutputStream:76 - [STDOUT_REDIRECT] method name===============isRootSelectionSupported
2019-09-28 14:40:45,610 [INFO] LogOutputStream:76 - [STDOUT_REDIRECT] method name===============isRootSelectionSupported
2019-09-28 14:40:45,614 [INFO] LogOutputStream:76 - [STDOUT_REDIRECT] method name===============isUnderRootDefaultMode
2019-09-28 14:40:45,659 [INFO] BlockDiagram:1818 - stop enableDisableButtons
2019-09-28 14:40:45,818 [INFO] LogOutputStream:76 - [STDOUT_REDIRECT] method name===============isUnderRootDefaultMode
2019-09-28 14:40:45,822 [INFO] LogOutputStream:76 - [STDOUT_REDIRECT] method name===============isUnderRootDefaultMode
2019-09-28 14:40:45,822 [INFO] LogOutputStream:76 - [STDOUT_REDIRECT] method name===============isUnderRootDefaultMode
2019-09-28 14:40:45,830 [INFO] LogOutputStream:76 - [STDOUT_REDIRECT] method name===============isRootSelectionSupported
2019-09-28 14:40:45,833 [INFO] LogOutputStream:76 - [STDOUT_REDIRECT] method name===============isRootSelectionSupported
2019-09-28 14:40:45,837 [INFO] LogOutputStream:76 - [STDOUT_REDIRECT] method name===============isUnderRootDefaultMode
2019-09-28 14:40:45,845 [INFO] UtilMem:74 - End SaveConfig() Used Memory: 288906936 Bytes (666894336)
2019-09-28 14:40:45,850 [INFO] LogOutputStream:76 - [STDOUT_REDIRECT] method name===============isUnderRootDefaultMode
2019-09-28 14:40:45,854 [INFO] LogOutputStream:76 - [STDOUT_REDIRECT] method name===============isUnderRootDefaultMode
2019-09-28 14:40:45,859 [INFO] LogOutputStream:76 - [STDOUT_REDIRECT] method name===============isUnderRootDefaultMode
2019-09-28 14:40:45,866 [INFO] LogOutputStream:76 - [STDOUT_REDIRECT] method name===============isRootSelectionSupported
2019-09-28 14:40:45,869 [INFO] LogOutputStream:76 - [STDOUT_REDIRECT] method name===============isRootSelectionSupported
2019-09-28 14:40:45,872 [INFO] LogOutputStream:76 - [STDOUT_REDIRECT] method name===============isUnderRootDefaultMode
2019-09-28 14:40:46,302 [INFO] ServerAccessManage:347 - Download File stm32cube_fw_f1_v180.zip
2019-09-28 14:42:41,443 [INFO] FileExtend:191 - Unzip File : stm32cube_fw_f1_v180.zip
2019-09-28 14:42:41,450 [INFO] FileExtend:206 - Standard Zip Deflate
2019-09-28 14:43:06,193 [INFO] LoadServerPackagesThread:149 - End of LoadServerPackages Thread
2019-09-28 14:43:06,252 [INFO] CheckServerUpdateThread:121 - End of CheckServer Thread
2019-09-28 14:43:06,262 [INFO] UtilMem:74 - End SaveConfig() Used Memory: 383935848 Bytes (1073741824)
2019-09-28 14:43:06,270 [INFO] LogOutputStream:76 - [STDOUT_REDIRECT] method name===============isUnderRootDefaultMode
2019-09-28 14:43:06,270 [INFO] LogOutputStream:76 - [STDOUT_REDIRECT] method name===============isUnderRootDefaultMode
2019-09-28 14:43:06,280 [INFO] LogOutputStream:76 - [STDOUT_REDIRECT] method name===============isUnderRootDefaultMode
2019-09-28 14:43:06,284 [INFO] LogOutputStream:76 - [STDOUT_REDIRECT] method name===============isRootSelectionSupported
2019-09-28 14:43:06,290 [INFO] LogOutputStream:76 - [STDOUT_REDIRECT] method name===============isRootSelectionSupported
2019-09-28 14:43:06,292 [INFO] LogOutputStream:76 - [STDOUT_REDIRECT] method name===============isUnderRootDefaultMode
2019-09-28 14:43:07,281 [INFO] BlockDiagram:1862 - set Specific Code input for plugin: NVIC
2019-09-28 14:43:07,281 [INFO] BlockDiagram:1862 - set Specific Code input for plugin: USART
2019-09-28 14:43:07,281 [INFO] BlockDiagram:1862 - set Specific Code input for plugin: SYS
2019-09-28 14:43:07,281 [INFO] BlockDiagram:1862 - set Specific Code input for plugin: RCC
2019-09-28 14:43:07,281 [INFO] CodeGenerator:583 - code generatio: config db path: C:\ST\STM32CubeIDE_1.0.2\STM32CubeIDE\plugins\com.st.stm32cube.common.mx_5.3.0.201907110903\\db\
2019-09-28 14:43:07,812 [INFO] CodeEngine:190 - oldGeneratedFile, C:\Users\adfil\Documents\Michal\STM32\Prototyp1.0\MXTmpFiles\license.tmp_save
2019-09-28 14:43:08,448 [INFO] CodeEngine:208 - Generated code: C:\Users\adfil\Documents\Michal\STM32\Prototyp1.0\MXTmpFiles\license.tmp
2019-09-28 14:43:08,627 [INFO] CodeEngine:190 - oldGeneratedFile, C:\Users\adfil\Documents\Michal\STM32\Prototyp1.0\MXTmpFiles\gpio.tmp_save
2019-09-28 14:43:08,880 [INFO] CodeEngine:208 - Generated code: C:\Users\adfil\Documents\Michal\STM32\Prototyp1.0\MXTmpFiles\gpio.tmp
2019-09-28 14:43:09,004 [INFO] LogOutputStream:76 - [STDOUT_REDIRECT] Command line
2019-09-28 14:43:09,004 [INFO] LogOutputStream:76 - [STDOUT_REDIRECT] Debug : prepare data for SYS
2019-09-28 14:43:09,007 [INFO] LogOutputStream:76 - [STDOUT_REDIRECT] Command line test
2019-09-28 14:43:09,008 [INFO] LogOutputStream:76 - [STDOUT_REDIRECT] Command line
2019-09-28 14:43:09,008 [INFO] LogOutputStream:76 - [STDOUT_REDIRECT] Debug : prepare data for USART
2019-09-28 14:43:09,013 [INFO] LogOutputStream:76 - [STDOUT_REDIRECT] Command line test
2019-09-28 14:43:09,013 [INFO] LogOutputStream:76 - [STDOUT_REDIRECT] Debug : prepare data for NVIC
2019-09-28 14:43:09,013 [INFO] LogOutputStream:76 - [STDOUT_REDIRECT] Command line test
2019-09-28 14:43:09,033 [INFO] CodeEngine:190 - oldGeneratedFile, C:\Users\adfil\Documents\Michal\STM32\Prototyp1.0\Src\stm32f1xx_it.c_save
2019-09-28 14:43:09,328 [INFO] CodeEngine:208 - Generated code: C:\Users\adfil\Documents\Michal\STM32\Prototyp1.0\Src\stm32f1xx_it.c
2019-09-28 14:43:09,346 [INFO] CodeEngine:190 - oldGeneratedFile, C:\Users\adfil\Documents\Michal\STM32\Prototyp1.0\Inc\stm32f1xx_it.h_save
2019-09-28 14:43:09,520 [INFO] CodeEngine:208 - Generated code: C:\Users\adfil\Documents\Michal\STM32\Prototyp1.0\Inc\stm32f1xx_it.h
2019-09-28 14:43:09,538 [INFO] CodeEngine:190 - oldGeneratedFile, C:\Users\adfil\Documents\Michal\STM32\Prototyp1.0\Src\stm32f1xx_hal_msp.c_save
2019-09-28 14:43:09,856 [INFO] CodeEngine:208 - Generated code: C:\Users\adfil\Documents\Michal\STM32\Prototyp1.0\Src\stm32f1xx_hal_msp.c
2019-09-28 14:43:09,870 [INFO] CodeEngine:190 - oldGeneratedFile, C:\Users\adfil\Documents\Michal\STM32\Prototyp1.0\MXTmpFiles\system.tmp_save
2019-09-28 14:43:10,034 [INFO] CodeEngine:208 - Generated code: C:\Users\adfil\Documents\Michal\STM32\Prototyp1.0\MXTmpFiles\system.tmp
2019-09-28 14:43:10,053 [INFO] CodeEngine:190 - oldGeneratedFile, C:\Users\adfil\Documents\Michal\STM32\Prototyp1.0\Inc\stm32f1xx_hal_conf.h_save
2019-09-28 14:43:10,207 [INFO] CodeEngine:208 - Generated code: C:\Users\adfil\Documents\Michal\STM32\Prototyp1.0\Inc\stm32f1xx_hal_conf.h
2019-09-28 14:43:10,216 [WARN] IPConfigManager:2562 - IP not found : gpio
2019-09-28 14:43:10,216 [WARN] CodeGenerator:2617 - IP not found : gpio
2019-09-28 14:43:10,238 [INFO] CodeEngine:190 - oldGeneratedFile, C:\Users\adfil\Documents\Michal\STM32\Prototyp1.0\Inc\main.h_save
2019-09-28 14:43:10,426 [INFO] CodeEngine:208 - Generated code: C:\Users\adfil\Documents\Michal\STM32\Prototyp1.0\Inc\main.h
2019-09-28 14:43:10,441 [INFO] CodeEngine:190 - oldGeneratedFile, C:\Users\adfil\Documents\Michal\STM32\Prototyp1.0\Src\main.c_save
2019-09-28 14:43:10,649 [INFO] CodeEngine:208 - Generated code: C:\Users\adfil\Documents\Michal\STM32\Prototyp1.0\Src\main.c
2019-09-28 14:43:11,615 [INFO] ProjectBuilder:1570 - Time for Copy HAL[2] : 0mS.
2019-09-28 14:43:11,636 [INFO] ProjectBuilder:2138 - Project Generator version: 3.4.0
2019-09-28 14:43:12,228 [INFO] ConfigFileManager:879 - The Die is : DIE410
2019-09-28 14:43:12,239 [INFO] LogOutputStream:76 - [STDOUT_REDIRECT] configName ==Arm Cortex-M3
2019-09-28 14:43:12,435 [INFO] LogOutputStream:76 - [STDOUT_REDIRECT] memory ==name="RAM" access="xrw" start="0x20000000" size="20"
2019-09-28 14:43:12,435 [INFO] LogOutputStream:76 - [STDOUT_REDIRECT] memory ==name="FLASH" access="rx" start="0x8000000" size="128"
2019-09-28 14:43:12,711 [INFO] LogOutputStream:76 - [STDOUT_REDIRECT] namefile= STM32CubeIDE
2019-09-28 14:43:12,711 [INFO] LogOutputStream:76 - [STDOUT_REDIRECT] method name===============generate
2019-09-28 14:43:27,426 [INFO] ProjectBuilder:2232 - Time for Generating toolchain IDE Files: 15790mS.
2019-09-28 14:43:27,427 [INFO] ProjectBuilder:1461 - Time for Copy CMSIS : 0mS.
2019-09-28 14:43:27,433 [INFO] ProjectBuilder:1461 - Time for Copy CMSIS : 0mS.
2019-09-28 15:01:48,017 [INFO] BlockDiagram:1818 - stop enableDisableButtons
2019-09-28 15:01:51,548 [INFO] BlockDiagram:1818 - stop enableDisableButtons
2019-09-28 15:01:54,491 [INFO] BlockDiagram:1818 - stop enableDisableButtons
2019-09-28 15:01:58,275 [INFO] BlockDiagram:1818 - stop enableDisableButtons
2019-09-28 15:02:00,262 [INFO] BlockDiagram:1818 - stop enableDisableButtons
2019-09-28 15:02:36,325 [INFO] BlockDiagram:1818 - stop enableDisableButtons
2019-09-28 15:02:36,360 [INFO] DmaTabbedPanel:192 - Cannot restore the selected Tab for DMA
2019-09-28 15:02:41,646 [INFO] BlockDiagram:1818 - stop enableDisableButtons
2019-09-28 15:02:41,658 [INFO] Gpio:238 - dependency for GPIO [RCC, SYS, USART2]
2019-09-28 15:02:46,265 [INFO] BlockDiagram:1818 - stop enableDisableButtons
2019-09-28 15:02:49,742 [INFO] BlockDiagram:1818 - stop enableDisableButtons
2019-09-28 15:03:12,900 [INFO] LogOutputStream:76 - [STDOUT_REDIRECT] Tab changed to: Clock Configuration
2019-09-28 15:03:43,895 [INFO] BlockDiagram:1818 - stop enableDisableButtons
